<?xml version="1.0" encoding="UTF-8"?>
<!-- Generated by org.testng.reporters.JUnitXMLReporter -->
<testsuite ignored="1" hostname="LAPTOP-M4FQN5ST" failures="0" tests="2" name="OrangeHRMLogin" time="2.976" errors="0" timestamp="2023-09-14T14:16:13 IST">
  <testcase classname="TestNG_frame.OrangeHRM" name="LuncahApp" time="2.449"/>
  <testcase classname="TestNG_frame.OrangeHRM" name="EnterLoginDetails" time="0.48"/>
  <testcase classname="TestNG_frame.OrangeHRM" name="Openflipkart" time="0.0">
    <ignored/>
  </testcase> <!-- Openflipkart -->
</testsuite> <!-- OrangeHRMLogin -->
