<?xml version="1.0" encoding="UTF-8"?>
<!-- Generated by org.testng.reporters.JUnitXMLReporter -->
<testsuite ignored="2" hostname="LAPTOP-M4FQN5ST" failures="1" tests="1" name="TestFlipkart" time="0.008" errors="0" timestamp="2023-09-14T14:16:13 IST">
  <testcase classname="TestNG_frame.OrangeHRM" name="Openflipkart" time="0.003">
    <failure type="java.lang.NullPointerException" message="Cannot invoke &amp;quot;org.openqa.selenium.WebDriver.get(String)&amp;quot; because &amp;quot;this.driver&amp;quot; is null">
      <![CDATA[java.lang.NullPointerException: Cannot invoke "org.openqa.selenium.WebDriver.get(String)" because "this.driver" is null
at TestNG_frame.OrangeHRM.Openflipkart(OrangeHRM.java:38)
at java.base/java.util.ArrayList.forEach(ArrayList.java:1511)
... Removed 27 stack frames]]>
    </failure>
  </testcase> <!-- Openflipkart -->
  <testcase classname="TestNG_frame.OrangeHRM" name="EnterLoginDetails" time="0.0">
    <ignored/>
  </testcase> <!-- EnterLoginDetails -->
  <testcase classname="TestNG_frame.OrangeHRM" name="LuncahApp" time="0.0">
    <ignored/>
  </testcase> <!-- LuncahApp -->
</testsuite> <!-- TestFlipkart -->
